   Qt/MSBuild: 3.4.1.0
  Reading Qt configuration (C:/Qt/6.9.1/msvc2022_64/bin/qmake)
   Qt: 6.9.1
  ConvertidorCodigo.cpp
C:\Users\morit\OneDrive\Escritorio\Estructuras\GeneradorCodigo\Generador de codigo\Generador de codigo\ConvertidorCodigo.cpp(1,1): warning C4828: The file contains a character starting at offset 0x9cc that is illegal in the current source character set (codepage 65001).
C:\Users\morit\OneDrive\Escritorio\Estructuras\GeneradorCodigo\Generador de codigo\Generador de codigo\ConvertidorCodigo.cpp(1,1): warning C4828: The file contains a character starting at offset 0x9da that is illegal in the current source character set (codepage 65001).
C:\Users\morit\OneDrive\Escritorio\Estructuras\GeneradorCodigo\Generador de codigo\Generador de codigo\ConvertidorCodigo.cpp(1,1): warning C4828: The file contains a character starting at offset 0x9e4 that is illegal in the current source character set (codepage 65001).
C:\Users\morit\OneDrive\Escritorio\Estructuras\GeneradorCodigo\Generador de codigo\Generador de codigo\ConvertidorCodigo.cpp(1,1): warning C4828: The file contains a character starting at offset 0xa93 that is illegal in the current source character set (codepage 65001).
C:\Users\morit\OneDrive\Escritorio\Estructuras\GeneradorCodigo\Generador de codigo\Generador de codigo\ConvertidorCodigo.cpp(1,1): warning C4828: The file contains a character starting at offset 0xa99 that is illegal in the current source character set (codepage 65001).
C:\Users\morit\OneDrive\Escritorio\Estructuras\GeneradorCodigo\Generador de codigo\Generador de codigo\ConvertidorCodigo.cpp(1,1): warning C4828: The file contains a character starting at offset 0xc4a that is illegal in the current source character set (codepage 65001).
C:\Users\morit\OneDrive\Escritorio\Estructuras\GeneradorCodigo\Generador de codigo\Generador de codigo\ConvertidorCodigo.cpp(1,1): warning C4828: The file contains a character starting at offset 0xc52 that is illegal in the current source character set (codepage 65001).
C:\Users\morit\OneDrive\Escritorio\Estructuras\GeneradorCodigo\Generador de codigo\Generador de codigo\ConvertidorCodigo.cpp(1,1): warning C4828: The file contains a character starting at offset 0x106e that is illegal in the current source character set (codepage 65001).
C:\Users\morit\OneDrive\Escritorio\Estructuras\GeneradorCodigo\Generador de codigo\Generador de codigo\ConvertidorCodigo.cpp(1,1): warning C4828: The file contains a character starting at offset 0x1077 that is illegal in the current source character set (codepage 65001).
C:\Users\morit\OneDrive\Escritorio\Estructuras\GeneradorCodigo\Generador de codigo\Generador de codigo\ConvertidorCodigo.cpp(1,1): warning C4828: The file contains a character starting at offset 0x107d that is illegal in the current source character set (codepage 65001).
C:\Users\morit\OneDrive\Escritorio\Estructuras\GeneradorCodigo\Generador de codigo\Generador de codigo\ConvertidorCodigo.cpp(1,1): warning C4828: The file contains a character starting at offset 0x1859 that is illegal in the current source character set (codepage 65001).
C:\Users\morit\OneDrive\Escritorio\Estructuras\GeneradorCodigo\Generador de codigo\Generador de codigo\ConvertidorCodigo.cpp(1,1): warning C4828: The file contains a character starting at offset 0x1e06 that is illegal in the current source character set (codepage 65001).
C:\Users\morit\OneDrive\Escritorio\Estructuras\GeneradorCodigo\Generador de codigo\Generador de codigo\ConvertidorCodigo.cpp(1,1): warning C4828: The file contains a character starting at offset 0x23bf that is illegal in the current source character set (codepage 65001).
C:\Users\morit\OneDrive\Escritorio\Estructuras\GeneradorCodigo\Generador de codigo\Generador de codigo\ConvertidorCodigo.cpp(1,1): warning C4828: The file contains a character starting at offset 0x29a9 that is illegal in the current source character set (codepage 65001).
C:\Users\morit\OneDrive\Escritorio\Estructuras\GeneradorCodigo\Generador de codigo\Generador de codigo\ConvertidorCodigo.cpp(1,1): warning C4828: The file contains a character starting at offset 0x2e04 that is illegal in the current source character set (codepage 65001).
C:\Users\morit\OneDrive\Escritorio\Estructuras\GeneradorCodigo\Generador de codigo\Generador de codigo\ConvertidorCodigo.cpp(1,1): warning C4828: The file contains a character starting at offset 0x30eb that is illegal in the current source character set (codepage 65001).
C:\Users\morit\OneDrive\Escritorio\Estructuras\GeneradorCodigo\Generador de codigo\Generador de codigo\ConvertidorCodigo.cpp(1,1): warning C4828: The file contains a character starting at offset 0x3156 that is illegal in the current source character set (codepage 65001).
C:\Users\morit\OneDrive\Escritorio\Estructuras\GeneradorCodigo\Generador de codigo\Generador de codigo\ConvertidorCodigo.cpp(1,1): warning C4828: The file contains a character starting at offset 0x315c that is illegal in the current source character set (codepage 65001).
C:\Users\morit\OneDrive\Escritorio\Estructuras\GeneradorCodigo\Generador de codigo\Generador de codigo\ConvertidorCodigo.cpp(1,1): warning C4828: The file contains a character starting at offset 0x3906 that is illegal in the current source character set (codepage 65001).
C:\Users\morit\OneDrive\Escritorio\Estructuras\GeneradorCodigo\Generador de codigo\Generador de codigo\ConvertidorCodigo.cpp(1,1): warning C4828: The file contains a character starting at offset 0x398e that is illegal in the current source character set (codepage 65001).
C:\Users\morit\OneDrive\Escritorio\Estructuras\GeneradorCodigo\Generador de codigo\Generador de codigo\ConvertidorCodigo.cpp(1,1): warning C4828: The file contains a character starting at offset 0x3a7d that is illegal in the current source character set (codepage 65001).
C:\Users\morit\OneDrive\Escritorio\Estructuras\GeneradorCodigo\Generador de codigo\Generador de codigo\ConvertidorCodigo.cpp(1,1): warning C4828: The file contains a character starting at offset 0x3b02 that is illegal in the current source character set (codepage 65001).
C:\Users\morit\OneDrive\Escritorio\Estructuras\GeneradorCodigo\Generador de codigo\Generador de codigo\ConvertidorCodigo.cpp(1,1): warning C4828: The file contains a character starting at offset 0x3b39 that is illegal in the current source character set (codepage 65001).
C:\Users\morit\OneDrive\Escritorio\Estructuras\GeneradorCodigo\Generador de codigo\Generador de codigo\ConvertidorCodigo.cpp(1,1): warning C4828: The file contains a character starting at offset 0x3b64 that is illegal in the current source character set (codepage 65001).
C:\Users\morit\OneDrive\Escritorio\Estructuras\GeneradorCodigo\Generador de codigo\Generador de codigo\ConvertidorCodigo.cpp(1,1): warning C4828: The file contains a character starting at offset 0x3d7a that is illegal in the current source character set (codepage 65001).
C:\Users\morit\OneDrive\Escritorio\Estructuras\GeneradorCodigo\Generador de codigo\Generador de codigo\ConvertidorCodigo.cpp(1,1): warning C4828: The file contains a character starting at offset 0x3d83 that is illegal in the current source character set (codepage 65001).
C:\Users\morit\OneDrive\Escritorio\Estructuras\GeneradorCodigo\Generador de codigo\Generador de codigo\ConvertidorCodigo.cpp(1,1): warning C4828: The file contains a character starting at offset 0x3e83 that is illegal in the current source character set (codepage 65001).
C:\Users\morit\OneDrive\Escritorio\Estructuras\GeneradorCodigo\Generador de codigo\Generador de codigo\ConvertidorCodigo.cpp(1,1): warning C4828: The file contains a character starting at offset 0x4004 that is illegal in the current source character set (codepage 65001).
C:\Users\morit\OneDrive\Escritorio\Estructuras\GeneradorCodigo\Generador de codigo\Generador de codigo\ConvertidorCodigo.cpp(1,1): warning C4828: The file contains a character starting at offset 0x4008 that is illegal in the current source character set (codepage 65001).
C:\Users\morit\OneDrive\Escritorio\Estructuras\GeneradorCodigo\Generador de codigo\Generador de codigo\ConvertidorCodigo.cpp(1,1): warning C4828: The file contains a character starting at offset 0x42ba that is illegal in the current source character set (codepage 65001).
C:\Users\morit\OneDrive\Escritorio\Estructuras\GeneradorCodigo\Generador de codigo\Generador de codigo\ConvertidorCodigo.cpp(1,1): warning C4828: The file contains a character starting at offset 0x42c0 that is illegal in the current source character set (codepage 65001).
C:\Users\morit\OneDrive\Escritorio\Estructuras\GeneradorCodigo\Generador de codigo\Generador de codigo\ConvertidorCodigo.cpp(1,1): warning C4828: The file contains a character starting at offset 0x42d0 that is illegal in the current source character set (codepage 65001).
C:\Users\morit\OneDrive\Escritorio\Estructuras\GeneradorCodigo\Generador de codigo\Generador de codigo\ConvertidorCodigo.cpp(1,1): warning C4828: The file contains a character starting at offset 0x46f3 that is illegal in the current source character set (codepage 65001).
C:\Users\morit\OneDrive\Escritorio\Estructuras\GeneradorCodigo\Generador de codigo\Generador de codigo\ConvertidorCodigo.cpp(1,1): warning C4828: The file contains a character starting at offset 0x4708 that is illegal in the current source character set (codepage 65001).
C:\Users\morit\OneDrive\Escritorio\Estructuras\GeneradorCodigo\Generador de codigo\Generador de codigo\ConvertidorCodigo.cpp(1,1): warning C4828: The file contains a character starting at offset 0x51ba that is illegal in the current source character set (codepage 65001).
C:\Users\morit\OneDrive\Escritorio\Estructuras\GeneradorCodigo\Generador de codigo\Generador de codigo\ConvertidorCodigo.cpp(1,1): warning C4828: The file contains a character starting at offset 0x59f9 that is illegal in the current source character set (codepage 65001).
C:\Users\morit\OneDrive\Escritorio\Estructuras\GeneradorCodigo\Generador de codigo\Generador de codigo\ConvertidorCodigo.cpp(1,1): warning C4828: The file contains a character starting at offset 0x5d4e that is illegal in the current source character set (codepage 65001).
C:\Users\morit\OneDrive\Escritorio\Estructuras\GeneradorCodigo\Generador de codigo\Generador de codigo\ConvertidorCodigo.cpp(1,1): warning C4828: The file contains a character starting at offset 0x5dc1 that is illegal in the current source character set (codepage 65001).
  Generador de codigo.vcxproj -> C:\Users\morit\OneDrive\Escritorio\Estructuras\GeneradorCodigo\Generador de codigo\x64\Debug\Generador de codigo.exe
